TN:
SF:public\javascripts\db_interaction.js
FN:10,getHeroInfo
FN:33,getMatchInfo
FN:56,getPlayerMatches
FN:73,examples
FN:75,(anonymous_4)
FN:82,(anonymous_5)
FN:87,(anonymous_6)
FN:89,(anonymous_7)
FN:94,(anonymous_8)
FN:101,(anonymous_9)
FN:106,(anonymous_10)
FN:108,(anonymous_11)
FN:113,(anonymous_12)
FN:120,(anonymous_13)
FN:125,(anonymous_14)
FN:127,(anonymous_15)
FNF:16
FNH:3
FNDA:1,getHeroInfo
FNDA:1,getMatchInfo
FNDA:1,getPlayerMatches
FNDA:0,examples
FNDA:0,(anonymous_4)
FNDA:0,(anonymous_5)
FNDA:0,(anonymous_6)
FNDA:0,(anonymous_7)
FNDA:0,(anonymous_8)
FNDA:0,(anonymous_9)
FNDA:0,(anonymous_10)
FNDA:0,(anonymous_11)
FNDA:0,(anonymous_12)
FNDA:0,(anonymous_13)
FNDA:0,(anonymous_14)
FNDA:0,(anonymous_15)
DA:1,3
DA:11,1
DA:15,1
DA:16,1
DA:18,1
DA:19,1
DA:21,1
DA:22,1
DA:34,1
DA:38,1
DA:39,1
DA:41,1
DA:42,1
DA:44,1
DA:45,1
DA:57,1
DA:61,1
DA:62,1
DA:64,1
DA:65,1
DA:67,1
DA:68,1
DA:74,0
DA:75,0
DA:76,0
DA:77,0
DA:78,0
DA:79,0
DA:80,0
DA:82,0
DA:83,0
DA:86,0
DA:88,0
DA:90,0
DA:93,0
DA:94,0
DA:95,0
DA:96,0
DA:97,0
DA:98,0
DA:99,0
DA:101,0
DA:102,0
DA:105,0
DA:107,0
DA:109,0
DA:112,0
DA:113,0
DA:114,0
DA:115,0
DA:116,0
DA:117,0
DA:118,0
DA:120,0
DA:121,0
DA:124,0
DA:126,0
DA:128,0
DA:132,3
DA:138,3
DA:139,3
DA:140,3
LF:62
LH:26
BRDA:79,0,0,0
BRDA:79,0,1,0
BRDA:98,1,0,0
BRDA:98,1,1,0
BRDA:117,2,0,0
BRDA:117,2,1,0
BRF:6
BRH:0
end_of_record
