TN:
SF:public\javascripts\db_interaction.js
FN:10,getHeroInfo
FN:30,getMatchInfo
FN:50,getPlayerMatches
FN:64,examples
FN:66,(anonymous_4)
FN:73,(anonymous_5)
FN:78,(anonymous_6)
FN:80,(anonymous_7)
FN:85,(anonymous_8)
FN:92,(anonymous_9)
FN:97,(anonymous_10)
FN:99,(anonymous_11)
FN:104,(anonymous_12)
FN:111,(anonymous_13)
FN:116,(anonymous_14)
FN:118,(anonymous_15)
FNF:16
FNH:3
FNDA:1,getHeroInfo
FNDA:1,getMatchInfo
FNDA:1,getPlayerMatches
FNDA:0,examples
FNDA:0,(anonymous_4)
FNDA:0,(anonymous_5)
FNDA:0,(anonymous_6)
FNDA:0,(anonymous_7)
FNDA:0,(anonymous_8)
FNDA:0,(anonymous_9)
FNDA:0,(anonymous_10)
FNDA:0,(anonymous_11)
FNDA:0,(anonymous_12)
FNDA:0,(anonymous_13)
FNDA:0,(anonymous_14)
FNDA:0,(anonymous_15)
DA:1,3
DA:11,1
DA:12,0
DA:13,0
DA:15,0
DA:16,0
DA:18,0
DA:19,0
DA:31,1
DA:32,0
DA:33,0
DA:35,0
DA:36,0
DA:38,0
DA:39,0
DA:51,1
DA:52,0
DA:53,0
DA:55,0
DA:56,0
DA:57,0
DA:58,0
DA:59,0
DA:65,0
DA:66,0
DA:67,0
DA:68,0
DA:69,0
DA:70,0
DA:71,0
DA:73,0
DA:74,0
DA:77,0
DA:79,0
DA:81,0
DA:84,0
DA:85,0
DA:86,0
DA:87,0
DA:88,0
DA:89,0
DA:90,0
DA:92,0
DA:93,0
DA:96,0
DA:98,0
DA:100,0
DA:103,0
DA:104,0
DA:105,0
DA:106,0
DA:107,0
DA:108,0
DA:109,0
DA:111,0
DA:112,0
DA:115,0
DA:117,0
DA:119,0
DA:123,3
DA:129,3
DA:130,3
DA:131,3
LF:63
LH:8
BRDA:70,0,0,0
BRDA:70,0,1,0
BRDA:89,1,0,0
BRDA:89,1,1,0
BRDA:108,2,0,0
BRDA:108,2,1,0
BRF:6
BRH:0
end_of_record
TN:
SF:public\javascripts\testing.js
FN:1,Winrate
FNF:1
FNH:1
FNDA:1,Winrate
DA:2,1
DA:3,1
DA:6,1
LF:3
LH:3
BRF:0
BRH:0
end_of_record
